Started by user Deepanshu Rawat
Running in Durability level: MAX_SURVIVABILITY
[Pipeline] Start of Pipeline
[Pipeline] node
Running on Jenkins in /var/lib/jenkins/workspace/case-study
[Pipeline] {
[Pipeline] stage
[Pipeline] { (Preparation)
[Pipeline] echo
Preparing Jenkins environemt
[Pipeline] tool
[Pipeline] tool
[Pipeline] tool
[Pipeline] }
[Pipeline] // stage
[Pipeline] stage
[Pipeline] { (git checkout)
[Pipeline] echo
Checking out the code from git repository...
[Pipeline] git
The recommended git tool is: NONE
No credentials specified
 > git rev-parse --resolve-git-dir /var/lib/jenkins/workspace/case-study/.git # timeout=10
Fetching changes from the remote Git repository
 > git config remote.origin.url https://github.com/deepanshu97971/case-study.git # timeout=10
Fetching upstream changes from https://github.com/deepanshu97971/case-study.git
 > git --version # timeout=10
 > git --version # 'git version 1.8.3.1'
 > git fetch --tags --progress https://github.com/deepanshu97971/case-study.git +refs/heads/*:refs/remotes/origin/* # timeout=10
 > git rev-parse refs/remotes/origin/master^{commit} # timeout=10
Checking out Revision 06a9c4c6dc2194b26ce8f3f4eeaf76eef2b92668 (refs/remotes/origin/master)
 > git config core.sparsecheckout # timeout=10
 > git checkout -f 06a9c4c6dc2194b26ce8f3f4eeaf76eef2b92668 # timeout=10
 > git branch -a -v --no-abbrev # timeout=10
 > git branch -D master # timeout=10
 > git checkout -b master 06a9c4c6dc2194b26ce8f3f4eeaf76eef2b92668 # timeout=10
Commit message: "Update deploy-playbook.yml"
 > git rev-list --no-walk 06a9c4c6dc2194b26ce8f3f4eeaf76eef2b92668 # timeout=10
[Pipeline] }
[Pipeline] // stage
[Pipeline] stage
[Pipeline] { (Build, Test and Package)
[Pipeline] echo
Build, Test and Package
[Pipeline] sh
+ /var/lib/jenkins/tools/hudson.tasks.Maven_MavenInstallation/maven3.8/bin/mvn clean site package
[INFO] Scanning for projects...
[INFO] 
[INFO] -----------------------< com.casestudy:bootcamp >-----------------------
[INFO] Building bootcamp 0.0.1-SNAPSHOT
[INFO] --------------------------------[ jar ]---------------------------------
[INFO] 
[INFO] --- maven-clean-plugin:3.1.0:clean (default-clean) @ bootcamp ---
[INFO] Deleting /var/lib/jenkins/workspace/case-study/target
[INFO] 
[INFO] --- maven-site-plugin:3.7.1:site (default-site) @ bootcamp ---
[INFO] configuring report plugin org.apache.maven.plugins:maven-surefire-report-plugin:3.0.0-M4
[INFO] preparing maven-surefire-report-plugin:report report requires '[surefire]test' forked phase execution
[INFO] 
[INFO] >>> maven-surefire-report-plugin:3.0.0-M4:report > [surefire]test @ bootcamp >>>
[INFO] 
[INFO] --- maven-resources-plugin:3.1.0:resources (default-resources) @ bootcamp ---
[INFO] Using 'UTF-8' encoding to copy filtered resources.
[INFO] Copying 1 resource
[INFO] Copying 1 resource
[INFO] 
[INFO] --- maven-compiler-plugin:3.8.1:compile (default-compile) @ bootcamp ---
[INFO] Changes detected - recompiling the module!
[INFO] Compiling 2 source files to /var/lib/jenkins/workspace/case-study/target/classes
[INFO] 
[INFO] --- maven-resources-plugin:3.1.0:testResources (default-testResources) @ bootcamp ---
[INFO] Using 'UTF-8' encoding to copy filtered resources.
[INFO] skip non existing resourceDirectory /var/lib/jenkins/workspace/case-study/src/test/resources
[INFO] 
[INFO] --- maven-compiler-plugin:3.8.1:testCompile (default-testCompile) @ bootcamp ---
[INFO] Changes detected - recompiling the module!
[INFO] Compiling 1 source file to /var/lib/jenkins/workspace/case-study/target/test-classes
[INFO] 
[INFO] --- maven-surefire-plugin:2.22.2:test (default-test) @ bootcamp ---
[INFO] 
[INFO] -------------------------------------------------------
[INFO]  T E S T S
[INFO] -------------------------------------------------------
[INFO] Running com.TestMessageController
13:50:49.460 [main] DEBUG org.springframework.test.context.BootstrapUtils - Instantiating CacheAwareContextLoaderDelegate from class [org.springframework.test.context.cache.DefaultCacheAwareContextLoaderDelegate]
13:50:49.494 [main] DEBUG org.springframework.test.context.BootstrapUtils - Instantiating BootstrapContext using constructor [public org.springframework.test.context.support.DefaultBootstrapContext(java.lang.Class,org.springframework.test.context.CacheAwareContextLoaderDelegate)]
13:50:49.541 [main] DEBUG org.springframework.test.context.BootstrapUtils - Instantiating TestContextBootstrapper for test class [com.TestMessageController] from class [org.springframework.boot.test.context.SpringBootTestContextBootstrapper]
13:50:49.563 [main] INFO org.springframework.boot.test.context.SpringBootTestContextBootstrapper - Neither @ContextConfiguration nor @ContextHierarchy found for test class [com.TestMessageController], using SpringBootContextLoader
13:50:49.580 [main] DEBUG org.springframework.test.context.support.AbstractContextLoader - Did not detect default resource location for test class [com.TestMessageController]: class path resource [com/TestMessageController-context.xml] does not exist
13:50:49.581 [main] DEBUG org.springframework.test.context.support.AbstractContextLoader - Did not detect default resource location for test class [com.TestMessageController]: class path resource [com/TestMessageControllerContext.groovy] does not exist
13:50:49.581 [main] INFO org.springframework.test.context.support.AbstractContextLoader - Could not detect default resource locations for test class [com.TestMessageController]: no resource found for suffixes {-context.xml, Context.groovy}.
13:50:49.583 [main] INFO org.springframework.test.context.support.AnnotationConfigContextLoaderUtils - Could not detect default configuration classes for test class [com.TestMessageController]: TestMessageController does not declare any static, non-private, non-final, nested classes annotated with @Configuration.
13:50:49.709 [main] DEBUG org.springframework.test.context.support.ActiveProfilesUtils - Could not find an 'annotation declaring class' for annotation type [org.springframework.test.context.ActiveProfiles] and class [com.TestMessageController]
13:50:50.026 [main] DEBUG org.springframework.context.annotation.ClassPathScanningCandidateComponentProvider - Identified candidate component class: file [/var/lib/jenkins/workspace/case-study/target/classes/com/Application.class]
13:50:50.032 [main] INFO org.springframework.boot.test.context.SpringBootTestContextBootstrapper - Found @SpringBootConfiguration com.Application for test class com.TestMessageController
13:50:50.172 [main] DEBUG org.springframework.boot.test.context.SpringBootTestContextBootstrapper - @TestExecutionListeners is not present for class [com.TestMessageController]: using defaults.
13:50:50.173 [main] INFO org.springframework.boot.test.context.SpringBootTestContextBootstrapper - Loaded default TestExecutionListener class names from location [META-INF/spring.factories]: [org.springframework.boot.test.mock.mockito.MockitoTestExecutionListener, org.springframework.boot.test.mock.mockito.ResetMocksTestExecutionListener, org.springframework.boot.test.autoconfigure.restdocs.RestDocsTestExecutionListener, org.springframework.boot.test.autoconfigure.web.client.MockRestServiceServerResetTestExecutionListener, org.springframework.boot.test.autoconfigure.web.servlet.MockMvcPrintOnlyOnFailureTestExecutionListener, org.springframework.boot.test.autoconfigure.web.servlet.WebDriverTestExecutionListener, org.springframework.test.context.web.ServletTestExecutionListener, org.springframework.test.context.support.DirtiesContextBeforeModesTestExecutionListener, org.springframework.test.context.support.DependencyInjectionTestExecutionListener, org.springframework.test.context.support.DirtiesContextTestExecutionListener, org.springframework.test.context.transaction.TransactionalTestExecutionListener, org.springframework.test.context.jdbc.SqlScriptsTestExecutionListener]
13:50:50.201 [main] DEBUG org.springframework.boot.test.context.SpringBootTestContextBootstrapper - Skipping candidate TestExecutionListener [org.springframework.test.context.transaction.TransactionalTestExecutionListener] due to a missing dependency. Specify custom listener classes or make the default listener classes and their required dependencies available. Offending class: [org.springframework.transaction.interceptor.TransactionAttributeSource]
13:50:50.203 [main] DEBUG org.springframework.boot.test.context.SpringBootTestContextBootstrapper - Skipping candidate TestExecutionListener [org.springframework.test.context.jdbc.SqlScriptsTestExecutionListener] due to a missing dependency. Specify custom listener classes or make the default listener classes and their required dependencies available. Offending class: [org.springframework.transaction.interceptor.TransactionAttribute]
13:50:50.203 [main] INFO org.springframework.boot.test.context.SpringBootTestContextBootstrapper - Using TestExecutionListeners: [org.springframework.test.context.web.ServletTestExecutionListener@e22c9f7e, org.springframework.test.context.support.DirtiesContextBeforeModesTestExecutionListener@8a00307, org.springframework.boot.test.mock.mockito.MockitoTestExecutionListener@f6ffe0cb, org.springframework.boot.test.autoconfigure.SpringBootDependencyInjectionTestExecutionListener@1e584161, org.springframework.test.context.support.DirtiesContextTestExecutionListener@ac272750, org.springframework.boot.test.mock.mockito.ResetMocksTestExecutionListener@6c8ac7da, org.springframework.boot.test.autoconfigure.restdocs.RestDocsTestExecutionListener@38c834ce, org.springframework.boot.test.autoconfigure.web.client.MockRestServiceServerResetTestExecutionListener@d7a6fb56, org.springframework.boot.test.autoconfigure.web.servlet.MockMvcPrintOnlyOnFailureTestExecutionListener@5825e4c0, org.springframework.boot.test.autoconfigure.web.servlet.WebDriverTestExecutionListener@249db2bf]
13:50:50.215 [main] DEBUG org.springframework.test.context.support.AbstractDirtiesContextTestExecutionListener - Before test class: context [DefaultTestContext@d07b001d testClass = TestMessageController, testInstance = [null], testMethod = [null], testException = [null], mergedContextConfiguration = [WebMergedContextConfiguration@ed25937b testClass = TestMessageController, locations = '{}', classes = '{class com.Application}', contextInitializerClasses = '[]', activeProfiles = '{}', propertySourceLocations = '{}', propertySourceProperties = '{org.springframework.boot.test.context.SpringBootTestContextBootstrapper=true}', contextCustomizers = set[org.springframework.boot.test.context.filter.ExcludeFilterContextCustomizer@63ef3606, org.springframework.boot.test.json.DuplicateJsonObjectContextCustomizerFactory$DuplicateJsonObjectContextCustomizer@ae9b03e4, org.springframework.boot.test.mock.mockito.MockitoContextCustomizer@0, org.springframework.boot.test.web.client.TestRestTemplateContextCustomizer@764d703, org.springframework.boot.test.autoconfigure.properties.PropertyMappingContextCustomizer@0, org.springframework.boot.test.autoconfigure.web.servlet.WebDriverContextCustomizerFactory$Customizer@4813a66d], resourceBasePath = 'src/main/webapp', contextLoader = 'org.springframework.boot.test.context.SpringBootContextLoader', parent = [null]], attributes = map['org.springframework.test.context.web.ServletTestExecutionListener.activateListener' -> true]], class annotated with @DirtiesContext [false] with mode [null].
13:50:50.249 [main] DEBUG org.springframework.test.context.support.TestPropertySourceUtils - Adding inlined properties to environment: {spring.jmx.enabled=false, org.springframework.boot.test.context.SpringBootTestContextBootstrapper=true, server.port=-1}

  .   ____          _            __ _ _
 /\\ / ___'_ __ _ _(_)_ __  __ _ \ \ \ \
( ( )\___ | '_ | '_| | '_ \/ _` | \ \ \ \
 \\/  ___)| |_)| | | | | || (_| |  ) ) ) )
  '  |____| .__|_| |_|_| |_\__, | / / / /
 =========|_|==============|___/=/_/_/_/
 :: Spring Boot ::        (v2.1.7.RELEASE)

2021-06-01 13:50:50.739  INFO 7066 --- [           main] com.TestMessageController                : Starting TestMessageController on deepanshu-case-study with PID 7066 (started by jenkins in /var/lib/jenkins/workspace/case-study)
2021-06-01 13:50:50.743  INFO 7066 --- [           main] com.TestMessageController                : No active profile set, falling back to default profiles: default
2021-06-01 13:51:11.866  INFO 7066 --- [           main] o.s.s.concurrent.ThreadPoolTaskExecutor  : Initializing ExecutorService 'applicationTaskExecutor'
2021-06-01 13:51:12.058  INFO 7066 --- [           main] o.s.b.a.w.s.WelcomePageHandlerMapping    : Adding welcome page: class path resource [static/index.html]
2021-06-01 13:51:12.472  INFO 7066 --- [           main] com.TestMessageController                : Started TestMessageController in 22.204 seconds (JVM running for 24.006)
2021-06-01 13:51:12.625  INFO 7066 --- [           main] com.MessageController                    : hello, its an info
2021-06-01 13:51:12.638  INFO 7066 --- [           main] com.MessageController                    : hello from test app1
[INFO] Tests run: 2, Failures: 0, Errors: 0, Skipped: 0, Time elapsed: 23.312 s - in com.TestMessageController
2021-06-01 13:51:12.680  INFO 7066 --- [       Thread-5] o.s.s.concurrent.ThreadPoolTaskExecutor  : Shutting down ExecutorService 'applicationTaskExecutor'
[INFO] 
[INFO] Results:
[INFO] 
[INFO] Tests run: 2, Failures: 0, Errors: 0, Skipped: 0
[INFO] 
[INFO] 
[INFO] <<< maven-surefire-report-plugin:3.0.0-M4:report < [surefire]test @ bootcamp <<<
[INFO] 
[INFO] '[surefire]test' forked phase execution for maven-surefire-report-plugin:report report preparation done
[INFO] 3 reports detected for maven-surefire-report-plugin:3.0.0-M4: failsafe-report-only, report, report-only
[WARNING] Report plugin org.apache.maven.plugins:maven-project-info-reports-plugin has an empty version.
[WARNING] 
[WARNING] It is highly recommended to fix these problems because they threaten the stability of your build.
[WARNING] 
[WARNING] For this reason, future Maven versions might no longer support building such malformed projects.
[INFO] configuring report plugin org.apache.maven.plugins:maven-project-info-reports-plugin:3.1.2
[INFO] 15 reports detected for maven-project-info-reports-plugin:3.1.2: ci-management, dependencies, dependency-info, dependency-management, distribution-management, index, issue-management, licenses, mailing-lists, modules, plugin-management, plugins, scm, summary, team
[INFO] Rendering site with default locale English (en)
[WARNING] Unable to find a URL to the parent project. The parent menu will NOT be added.
[INFO] Relativizing decoration links with respect to localized project URL: https://projects.spring.io/spring-boot/#/spring-boot-starter-parent/bootcamp
[INFO] Rendering content with org.apache.maven.skins:maven-default-skin:jar:1.2 skin.
[INFO] Skipped "Surefire Report" report (maven-surefire-report-plugin:3.0.0-M4:report-only), file "surefire-report.html" already exists.
[INFO] Generating "Surefire Report" report --- maven-surefire-report-plugin:3.0.0-M4:report
[WARNING] Unable to locate Test Source XRef to link to - DISABLED
[INFO] Generating "Dependencies" report  --- maven-project-info-reports-plugin:3.1.2:dependencies
[INFO] Generating "Dependency Information" report --- maven-project-info-reports-plugin:3.1.2:dependency-info
[INFO] Generating "Dependency Management" report --- maven-project-info-reports-plugin:3.1.2:dependency-management
[WARNING] Unable to create Maven project for com.fasterxml.jackson.module:jackson-module-scala_2.10:jar:2.9.9 from repository.
[WARNING] Unable to create Maven project for com.fasterxml.jackson.module:jackson-module-scala_2.11:jar:2.9.9 from repository.
[WARNING] Unable to create Maven project for com.fasterxml.jackson.module:jackson-module-scala_2.12:jar:2.9.9 from repository.
Downloading from maven-default-http-blocker: http://0.0.0.0/org/sonatype/plugins/nexus-staging-maven-plugin/maven-metadata.xml
[WARNING] Could not transfer metadata org.sonatype.plugins:nexus-staging-maven-plugin/maven-metadata.xml from/to maven-default-http-blocker (http://0.0.0.0/): transfer failed for http://0.0.0.0/org/sonatype/plugins/nexus-staging-maven-plugin/maven-metadata.xml
[WARNING] org.sonatype.plugins:nexus-staging-maven-plugin/maven-metadata.xmlfailed to transfer from http://0.0.0.0/ during a previous attempt. This failure was cached in the local repository and resolution will not be reattempted until the update interval of maven-default-http-blocker has elapsed or updates are forced. Original error: Could not transfer metadata org.sonatype.plugins:nexus-staging-maven-plugin/maven-metadata.xml from/to maven-default-http-blocker (http://0.0.0.0/): transfer failed for http://0.0.0.0/org/sonatype/plugins/nexus-staging-maven-plugin/maven-metadata.xml
[WARNING] Unable to create Maven project for org.postgresql:postgresql:jar:42.2.6 from repository.
[INFO] Generating "About" report         --- maven-project-info-reports-plugin:3.1.2:index
[INFO] Generating "Licenses" report      --- maven-project-info-reports-plugin:3.1.2:licenses
[INFO] Generating "Plugin Management" report --- maven-project-info-reports-plugin:3.1.2:plugin-management
[INFO] Could not build project for: lifecycle-mapping:Error resolving project artifact: org.eclipse.m2e:lifecycle-mapping:pom:1.0.0 was not found in https://repo.maven.apache.org/maven2 during a previous attempt. This failure was cached in the local repository and resolution is not reattempted until the update interval of central has elapsed or updates are forced for project org.eclipse.m2e:lifecycle-mapping:pom:1.0.0
org.apache.maven.project.ProjectBuildingException: Error resolving project artifact: org.eclipse.m2e:lifecycle-mapping:pom:1.0.0 was not found in https://repo.maven.apache.org/maven2 during a previous attempt. This failure was cached in the local repository and resolution is not reattempted until the update interval of central has elapsed or updates are forced for project org.eclipse.m2e:lifecycle-mapping:pom:1.0.0
    at org.apache.maven.project.DefaultProjectBuilder.build (DefaultProjectBuilder.java:330)
    at org.apache.maven.project.DefaultProjectBuilder.build (DefaultProjectBuilder.java:299)
    at org.apache.maven.report.projectinfo.PluginManagementReport$PluginManagementRenderer.renderSectionPluginManagement (PluginManagementReport.java:230)
    at org.apache.maven.report.projectinfo.PluginManagementReport$PluginManagementRenderer.renderBody (PluginManagementReport.java:192)
    at org.apache.maven.reporting.AbstractMavenReportRenderer.render (AbstractMavenReportRenderer.java:80)
    at org.apache.maven.report.projectinfo.PluginManagementReport.executeReport (PluginManagementReport.java:79)
    at org.apache.maven.reporting.AbstractMavenReport.generate (AbstractMavenReport.java:251)
    at org.apache.maven.plugins.site.render.ReportDocumentRenderer.renderDocument (ReportDocumentRenderer.java:230)
    at org.apache.maven.doxia.siterenderer.DefaultSiteRenderer.render (DefaultSiteRenderer.java:349)
    at org.apache.maven.plugins.site.render.SiteMojo.renderLocale (SiteMojo.java:198)
    at org.apache.maven.plugins.site.render.SiteMojo.execute (SiteMojo.java:147)
    at org.apache.maven.plugin.DefaultBuildPluginManager.executeMojo (DefaultBuildPluginManager.java:137)
    at org.apache.maven.lifecycle.internal.MojoExecutor.execute (MojoExecutor.java:210)
    at org.apache.maven.lifecycle.internal.MojoExecutor.execute (MojoExecutor.java:156)
    at org.apache.maven.lifecycle.internal.MojoExecutor.execute (MojoExecutor.java:148)
    at org.apache.maven.lifecycle.internal.LifecycleModuleBuilder.buildProject (LifecycleModuleBuilder.java:117)
    at org.apache.maven.lifecycle.internal.LifecycleModuleBuilder.buildProject (LifecycleModuleBuilder.java:81)
    at org.apache.maven.lifecycle.internal.builder.singlethreaded.SingleThreadedBuilder.build (SingleThreadedBuilder.java:56)
    at org.apache.maven.lifecycle.internal.LifecycleStarter.execute (LifecycleStarter.java:128)
    at org.apache.maven.DefaultMaven.doExecute (DefaultMaven.java:305)
    at org.apache.maven.DefaultMaven.doExecute (DefaultMaven.java:192)
    at org.apache.maven.DefaultMaven.execute (DefaultMaven.java:105)
    at org.apache.maven.cli.MavenCli.execute (MavenCli.java:957)
    at org.apache.maven.cli.MavenCli.doMain (MavenCli.java:289)
    at org.apache.maven.cli.MavenCli.main (MavenCli.java:193)
    at sun.reflect.NativeMethodAccessorImpl.invoke0 (Native Method)
    at sun.reflect.NativeMethodAccessorImpl.invoke (NativeMethodAccessorImpl.java:90)
    at sun.reflect.DelegatingMethodAccessorImpl.invoke (DelegatingMethodAccessorImpl.java:55)
    at java.lang.reflect.Method.invoke (Method.java:508)
    at org.codehaus.plexus.classworlds.launcher.Launcher.launchEnhanced (Launcher.java:282)
    at org.codehaus.plexus.classworlds.launcher.Launcher.launch (Launcher.java:225)
    at org.codehaus.plexus.classworlds.launcher.Launcher.mainWithExitCode (Launcher.java:406)
    at org.codehaus.plexus.classworlds.launcher.Launcher.main (Launcher.java:347)
Caused by: org.eclipse.aether.resolution.ArtifactResolutionException: org.eclipse.m2e:lifecycle-mapping:pom:1.0.0 was not found in https://repo.maven.apache.org/maven2 during a previous attempt. This failure was cached in the local repository and resolution is not reattempted until the update interval of central has elapsed or updates are forced
    at org.eclipse.aether.internal.impl.DefaultArtifactResolver.resolve (DefaultArtifactResolver.java:424)
    at org.eclipse.aether.internal.impl.DefaultArtifactResolver.resolveArtifacts (DefaultArtifactResolver.java:229)
    at org.eclipse.aether.internal.impl.DefaultArtifactResolver.resolveArtifact (DefaultArtifactResolver.java:207)
    at org.eclipse.aether.internal.impl.DefaultRepositorySystem.resolveArtifact (DefaultRepositorySystem.java:262)
    at org.apache.maven.project.DefaultProjectBuilder.build (DefaultProjectBuilder.java:318)
    at org.apache.maven.project.DefaultProjectBuilder.build (DefaultProjectBuilder.java:299)
    at org.apache.maven.report.projectinfo.PluginManagementReport$PluginManagementRenderer.renderSectionPluginManagement (PluginManagementReport.java:230)
    at org.apache.maven.report.projectinfo.PluginManagementReport$PluginManagementRenderer.renderBody (PluginManagementReport.java:192)
    at org.apache.maven.reporting.AbstractMavenReportRenderer.render (AbstractMavenReportRenderer.java:80)
    at org.apache.maven.report.projectinfo.PluginManagementReport.executeReport (PluginManagementReport.java:79)
    at org.apache.maven.reporting.AbstractMavenReport.generate (AbstractMavenReport.java:251)
    at org.apache.maven.plugins.site.render.ReportDocumentRenderer.renderDocument (ReportDocumentRenderer.java:230)
    at org.apache.maven.doxia.siterenderer.DefaultSiteRenderer.render (DefaultSiteRenderer.java:349)
    at org.apache.maven.plugins.site.render.SiteMojo.renderLocale (SiteMojo.java:198)
    at org.apache.maven.plugins.site.render.SiteMojo.execute (SiteMojo.java:147)
    at org.apache.maven.plugin.DefaultBuildPluginManager.executeMojo (DefaultBuildPluginManager.java:137)
    at org.apache.maven.lifecycle.internal.MojoExecutor.execute (MojoExecutor.java:210)
    at org.apache.maven.lifecycle.internal.MojoExecutor.execute (MojoExecutor.java:156)
    at org.apache.maven.lifecycle.internal.MojoExecutor.execute (MojoExecutor.java:148)
    at org.apache.maven.lifecycle.internal.LifecycleModuleBuilder.buildProject (LifecycleModuleBuilder.java:117)
    at org.apache.maven.lifecycle.internal.LifecycleModuleBuilder.buildProject (LifecycleModuleBuilder.java:81)
    at org.apache.maven.lifecycle.internal.builder.singlethreaded.SingleThreadedBuilder.build (SingleThreadedBuilder.java:56)
    at org.apache.maven.lifecycle.internal.LifecycleStarter.execute (LifecycleStarter.java:128)
    at org.apache.maven.DefaultMaven.doExecute (DefaultMaven.java:305)
    at org.apache.maven.DefaultMaven.doExecute (DefaultMaven.java:192)
    at org.apache.maven.DefaultMaven.execute (DefaultMaven.java:105)
    at org.apache.maven.cli.MavenCli.execute (MavenCli.java:957)
    at org.apache.maven.cli.MavenCli.doMain (MavenCli.java:289)
    at org.apache.maven.cli.MavenCli.main (MavenCli.java:193)
    at sun.reflect.NativeMethodAccessorImpl.invoke0 (Native Method)
    at sun.reflect.NativeMethodAccessorImpl.invoke (NativeMethodAccessorImpl.java:90)
    at sun.reflect.DelegatingMethodAccessorImpl.invoke (DelegatingMethodAccessorImpl.java:55)
    at java.lang.reflect.Method.invoke (Method.java:508)
    at org.codehaus.plexus.classworlds.launcher.Launcher.launchEnhanced (Launcher.java:282)
    at org.codehaus.plexus.classworlds.launcher.Launcher.launch (Launcher.java:225)
    at org.codehaus.plexus.classworlds.launcher.Launcher.mainWithExitCode (Launcher.java:406)
    at org.codehaus.plexus.classworlds.launcher.Launcher.main (Launcher.java:347)
Caused by: org.eclipse.aether.transfer.ArtifactNotFoundException: org.eclipse.m2e:lifecycle-mapping:pom:1.0.0 was not found in https://repo.maven.apache.org/maven2 during a previous attempt. This failure was cached in the local repository and resolution is not reattempted until the update interval of central has elapsed or updates are forced
    at org.eclipse.aether.internal.impl.DefaultUpdateCheckManager.newException (DefaultUpdateCheckManager.java:217)
    at org.eclipse.aether.internal.impl.DefaultUpdateCheckManager.checkArtifact (DefaultUpdateCheckManager.java:189)
    at org.eclipse.aether.internal.impl.DefaultArtifactResolver.gatherDownloads (DefaultArtifactResolver.java:573)
    at org.eclipse.aether.internal.impl.DefaultArtifactResolver.performDownloads (DefaultArtifactResolver.java:483)
    at org.eclipse.aether.internal.impl.DefaultArtifactResolver.resolve (DefaultArtifactResolver.java:401)
    at org.eclipse.aether.internal.impl.DefaultArtifactResolver.resolveArtifacts (DefaultArtifactResolver.java:229)
    at org.eclipse.aether.internal.impl.DefaultArtifactResolver.resolveArtifact (DefaultArtifactResolver.java:207)
    at org.eclipse.aether.internal.impl.DefaultRepositorySystem.resolveArtifact (DefaultRepositorySystem.java:262)
    at org.apache.maven.project.DefaultProjectBuilder.build (DefaultProjectBuilder.java:318)
    at org.apache.maven.project.DefaultProjectBuilder.build (DefaultProjectBuilder.java:299)
    at org.apache.maven.report.projectinfo.PluginManagementReport$PluginManagementRenderer.renderSectionPluginManagement (PluginManagementReport.java:230)
    at org.apache.maven.report.projectinfo.PluginManagementReport$PluginManagementRenderer.renderBody (PluginManagementReport.java:192)
    at org.apache.maven.reporting.AbstractMavenReportRenderer.render (AbstractMavenReportRenderer.java:80)
    at org.apache.maven.report.projectinfo.PluginManagementReport.executeReport (PluginManagementReport.java:79)
    at org.apache.maven.reporting.AbstractMavenReport.generate (AbstractMavenReport.java:251)
    at org.apache.maven.plugins.site.render.ReportDocumentRenderer.renderDocument (ReportDocumentRenderer.java:230)
    at org.apache.maven.doxia.siterenderer.DefaultSiteRenderer.render (DefaultSiteRenderer.java:349)
    at org.apache.maven.plugins.site.render.SiteMojo.renderLocale (SiteMojo.java:198)
    at org.apache.maven.plugins.site.render.SiteMojo.execute (SiteMojo.java:147)
    at org.apache.maven.plugin.DefaultBuildPluginManager.executeMojo (DefaultBuildPluginManager.java:137)
    at org.apache.maven.lifecycle.internal.MojoExecutor.execute (MojoExecutor.java:210)
    at org.apache.maven.lifecycle.internal.MojoExecutor.execute (MojoExecutor.java:156)
    at org.apache.maven.lifecycle.internal.MojoExecutor.execute (MojoExecutor.java:148)
    at org.apache.maven.lifecycle.internal.LifecycleModuleBuilder.buildProject (LifecycleModuleBuilder.java:117)
    at org.apache.maven.lifecycle.internal.LifecycleModuleBuilder.buildProject (LifecycleModuleBuilder.java:81)
    at org.apache.maven.lifecycle.internal.builder.singlethreaded.SingleThreadedBuilder.build (SingleThreadedBuilder.java:56)
    at org.apache.maven.lifecycle.internal.LifecycleStarter.execute (LifecycleStarter.java:128)
    at org.apache.maven.DefaultMaven.doExecute (DefaultMaven.java:305)
    at org.apache.maven.DefaultMaven.doExecute (DefaultMaven.java:192)
    at org.apache.maven.DefaultMaven.execute (DefaultMaven.java:105)
    at org.apache.maven.cli.MavenCli.execute (MavenCli.java:957)
    at org.apache.maven.cli.MavenCli.doMain (MavenCli.java:289)
    at org.apache.maven.cli.MavenCli.main (MavenCli.java:193)
    at sun.reflect.NativeMethodAccessorImpl.invoke0 (Native Method)
    at sun.reflect.NativeMethodAccessorImpl.invoke (NativeMethodAccessorImpl.java:90)
    at sun.reflect.DelegatingMethodAccessorImpl.invoke (DelegatingMethodAccessorImpl.java:55)
    at java.lang.reflect.Method.invoke (Method.java:508)
    at org.codehaus.plexus.classworlds.launcher.Launcher.launchEnhanced (Launcher.java:282)
    at org.codehaus.plexus.classworlds.launcher.Launcher.launch (Launcher.java:225)
    at org.codehaus.plexus.classworlds.launcher.Launcher.mainWithExitCode (Launcher.java:406)
    at org.codehaus.plexus.classworlds.launcher.Launcher.main (Launcher.java:347)
[INFO] Generating "Plugins" report       --- maven-project-info-reports-plugin:3.1.2:plugins
[INFO] Generating "Source Code Management" report --- maven-project-info-reports-plugin:3.1.2:scm
[INFO] Generating "Summary" report       --- maven-project-info-reports-plugin:3.1.2:summary
[INFO] Generating "Team" report          --- maven-project-info-reports-plugin:3.1.2:team
[INFO] 
[INFO] --- maven-resources-plugin:3.1.0:resources (default-resources) @ bootcamp ---
[INFO] Using 'UTF-8' encoding to copy filtered resources.
[INFO] Copying 1 resource
[INFO] Copying 1 resource
[INFO] 
[INFO] --- maven-compiler-plugin:3.8.1:compile (default-compile) @ bootcamp ---
[INFO] Changes detected - recompiling the module!
[INFO] Compiling 2 source files to /var/lib/jenkins/workspace/case-study/target/classes
[INFO] 
[INFO] --- maven-resources-plugin:3.1.0:testResources (default-testResources) @ bootcamp ---
[INFO] Using 'UTF-8' encoding to copy filtered resources.
[INFO] skip non existing resourceDirectory /var/lib/jenkins/workspace/case-study/src/test/resources
[INFO] 
[INFO] --- maven-compiler-plugin:3.8.1:testCompile (default-testCompile) @ bootcamp ---
[INFO] Changes detected - recompiling the module!
[INFO] Compiling 1 source file to /var/lib/jenkins/workspace/case-study/target/test-classes
[INFO] 
[INFO] --- maven-surefire-plugin:2.22.2:test (default-test) @ bootcamp ---
[INFO] Skipping execution of surefire because it has already been run for this configuration
[INFO] 
[INFO] --- maven-jar-plugin:3.1.2:jar (default-jar) @ bootcamp ---
[INFO] Building jar: /var/lib/jenkins/workspace/case-study/target/bootcamp-0.0.1-SNAPSHOT.jar
[INFO] 
[INFO] --- spring-boot-maven-plugin:2.1.7.RELEASE:repackage (repackage) @ bootcamp ---
[INFO] Replacing main artifact with repackaged archive
[INFO] 
[INFO] --- spring-boot-maven-plugin:2.1.7.RELEASE:repackage (default) @ bootcamp ---
[INFO] Replacing main artifact with repackaged archive
[INFO] ------------------------------------------------------------------------
[INFO] BUILD SUCCESS
[INFO] ------------------------------------------------------------------------
[INFO] Total time:  01:04 min
[INFO] Finished at: 2021-06-01T13:51:47Z
[INFO] ------------------------------------------------------------------------
[Pipeline] }
[Pipeline] // stage
[Pipeline] stage
[Pipeline] { (Sonar Scan)
[Pipeline] echo
Scanning application for vulnerabilities...
[Pipeline] withSonarQubeEnv
Injecting SonarQube environment variables using the configuration: sonar
[Pipeline] {
[Pipeline] sh
+ /var/lib/jenkins/tools/hudson.plugins.sonar.SonarRunnerInstallation/sonar/bin/sonar-scanner -Dsonar.projectKey=Test -Dsonar.projectName=Test -Dsonar.projectVersion=1.0 -Dsonar.sources=/var/lib/jenkins/workspace/case-study/src -Dsonar.host.url=http://34.136.243.113:9000 -Dsonar.language=java -Dsonar.java.binaries=target
INFO: Scanner configuration file: /var/lib/jenkins/tools/hudson.plugins.sonar.SonarRunnerInstallation/sonar/conf/sonar-scanner.properties
INFO: Project root configuration file: NONE
INFO: SonarScanner 4.6.2.2472
INFO: Java 1.8.0_281 IBM Corporation (64-bit)
INFO: Linux 3.10.0-1160.25.1.el7.x86_64 amd64
INFO: User cache: /var/lib/jenkins/.sonar/cache
INFO: Scanner configuration file: /var/lib/jenkins/tools/hudson.plugins.sonar.SonarRunnerInstallation/sonar/conf/sonar-scanner.properties
INFO: Project root configuration file: NONE
INFO: Analyzing on SonarQube server 8.9.0
INFO: Default locale: "en_US", source code encoding: "UTF-8" (analysis is platform dependent)
WARN: SonarScanner will require Java 11 to run, starting in SonarQube 9.x
INFO: Load global settings
INFO: Load global settings (done) | time=101ms
INFO: Server id: BF41A1F2-AXm3QXKhueSKxaledd91
INFO: User cache: /var/lib/jenkins/.sonar/cache
INFO: Load/download plugins
INFO: Load plugins index
INFO: Load plugins index (done) | time=72ms
INFO: Load/download plugins (done) | time=110ms
INFO: Process project properties
INFO: Process project properties (done) | time=8ms
INFO: Execute project builders
INFO: Execute project builders (done) | time=3ms
INFO: Project key: Test
INFO: Base dir: /var/lib/jenkins/workspace/case-study
INFO: Working dir: /var/lib/jenkins/workspace/case-study/.scannerwork
INFO: Load project settings for component key: 'Test'
INFO: Load project settings for component key: 'Test' (done) | time=22ms
INFO: Auto-configuring with CI 'Jenkins'
INFO: Load quality profiles
INFO: Load quality profiles (done) | time=74ms
INFO: Auto-configuring with CI 'Jenkins'
INFO: Load active rules
INFO: Load active rules (done) | time=2484ms
INFO: Indexing files...
INFO: Project configuration:
INFO: 5 files indexed
INFO: 0 files ignored because of scm ignore settings
INFO: Quality profile for java: Sonar way
INFO: Quality profile for web: Sonar way
INFO: ------------- Run sensors on module Test
INFO: Load metrics repository
INFO: Load metrics repository (done) | time=39ms
INFO: Sensor JavaSquidSensor [java]
INFO: Configured Java source version (sonar.java.source): none
INFO: JavaClasspath initialization
INFO: JavaClasspath initialization (done) | time=12ms
INFO: JavaTestClasspath initialization
INFO: JavaTestClasspath initialization (done) | time=0ms
INFO: Java Main Files AST scan
INFO: 3 source files to be analyzed
INFO: Load project repositories
INFO: Load project repositories (done) | time=21ms
INFO: 3/3 source files have been analyzed
WARN: Dependencies/libraries were not provided for analysis of SOURCE files. The 'sonar.java.libraries' property is empty. Verify your configuration, as you might end up with less precise results.
WARN: Unresolved imports/types have been detected during analysis. Enable DEBUG mode to see them.
INFO: Java Main Files AST scan (done) | time=1851ms
INFO: Java Test Files AST scan
INFO: 0 source files to be analyzed
INFO: 0/0 source files have been analyzed
INFO: Java Test Files AST scan (done) | time=1ms
INFO: Java Generated Files AST scan
INFO: 0 source files to be analyzed
INFO: 0/0 source files have been analyzed
INFO: Java Generated Files AST scan (done) | time=1ms
INFO: Sensor JavaSquidSensor [java] (done) | time=2347ms
INFO: Sensor CSS Rules [cssfamily]
WARN: CSS rules were not executed. Error when running: 'node -v'. Is Node.js available during analysis?
INFO: Sensor CSS Rules [cssfamily] (done) | time=1507ms
INFO: Sensor JaCoCo XML Report Importer [jacoco]
INFO: 'sonar.coverage.jacoco.xmlReportPaths' is not defined. Using default locations: target/site/jacoco/jacoco.xml,target/site/jacoco-it/jacoco.xml,build/reports/jacoco/test/jacocoTestReport.xml
INFO: No report imported, no coverage information will be imported by JaCoCo XML Report Importer
INFO: Sensor JaCoCo XML Report Importer [jacoco] (done) | time=4ms
INFO: Sensor C# Project Type Information [csharp]
INFO: Sensor C# Project Type Information [csharp] (done) | time=0ms
INFO: Sensor C# Properties [csharp]
INFO: Sensor C# Properties [csharp] (done) | time=2ms
INFO: Sensor SurefireSensor [java]
INFO: parsing [/var/lib/jenkins/workspace/case-study/target/surefire-reports]
INFO: Sensor SurefireSensor [java] (done) | time=80ms
INFO: Sensor JavaXmlSensor [java]
INFO: Sensor JavaXmlSensor [java] (done) | time=2ms
INFO: Sensor HTML [web]
INFO: Sensor HTML [web] (done) | time=68ms
INFO: Sensor VB.NET Project Type Information [vbnet]
INFO: Sensor VB.NET Project Type Information [vbnet] (done) | time=1ms
INFO: Sensor VB.NET Properties [vbnet]
INFO: Sensor VB.NET Properties [vbnet] (done) | time=3ms
INFO: ------------- Run sensors on project
INFO: Sensor Zero Coverage Sensor
INFO: Sensor Zero Coverage Sensor (done) | time=12ms
INFO: Sensor Java CPD Block Indexer
INFO: Sensor Java CPD Block Indexer (done) | time=26ms
INFO: CPD Executor 1 file had no CPD blocks
INFO: CPD Executor Calculating CPD for 3 files
INFO: CPD Executor CPD calculation finished (done) | time=8ms
INFO: Analysis report generated in 141ms, dir size=99 KB
INFO: Analysis report compressed in 32ms, zip size=18 KB
INFO: Analysis report uploaded in 40ms
INFO: ANALYSIS SUCCESSFUL, you can browse http://34.136.243.113:9000/dashboard?id=Test
INFO: Note that you will be able to access the updated dashboard once the server has processed the submitted analysis report
INFO: More about the report processing at http://34.136.243.113:9000/api/ce/task?id=AXnH2GyF7TYvTsHCpmBH
INFO: Analysis total time: 10.065 s
INFO: ------------------------------------------------------------------------
INFO: EXECUTION SUCCESS
INFO: ------------------------------------------------------------------------
INFO: Total time: 11.822s
INFO: Final Memory: 15M/28M
INFO: ------------------------------------------------------------------------
[Pipeline] }
[Pipeline] // withSonarQubeEnv
[Pipeline] }
[Pipeline] // stage
[Pipeline] stage
[Pipeline] { (publish report)
[Pipeline] echo
Publishing HTML report for test cases..
[Pipeline] publishHTML
[htmlpublisher] Archiving HTML reports...
[htmlpublisher] Archiving at PROJECT level /var/lib/jenkins/workspace/case-study/target/site to /var/lib/jenkins/jobs/case-study/htmlreports/HTML_20Report
[Pipeline] }
[Pipeline] // stage
[Pipeline] stage
[Pipeline] { (Build Docker Image)
[Pipeline] echo
Building docker image for application
[Pipeline] sh
+ /var/lib/jenkins/tools/org.jenkinsci.plugins.docker.commons.tools.DockerTool/docker/bin/docker build -t deepanshu97971/case-study:1.0 .
Sending build context to Docker daemon  84.16MB

Step 1/5 : FROM centos
 ---> 300e315adb2f
Step 2/5 : RUN yum install -y java
 ---> Using cache
 ---> 96d13d59bf0e
Step 3/5 : ADD target/bootcamp-0.0.1-SNAPSHOT.jar bootcamp-app.jar
 ---> b3960e6dfa60
Removing intermediate container 07e56a7273df
Step 4/5 : EXPOSE 8888
 ---> Running in 5edeccc6e6bc
 ---> 1be7432c4587
Removing intermediate container 5edeccc6e6bc
Step 5/5 : ENTRYPOINT java -jar bootcamp-app.jar
 ---> Running in 4eb3ead87b9d
 ---> ac01a7428d49
Removing intermediate container 4eb3ead87b9d
Successfully built ac01a7428d49
[Pipeline] }
[Pipeline] // stage
[Pipeline] stage
[Pipeline] { (Push Docker Image to DockerHub)
[Pipeline] echo
Pushing image to docker hub
[Pipeline] withCredentials
Masking supported pattern matches of $dockerUser or $dockerPasswd
[Pipeline] {
[Pipeline] sh
Warning: A secret was passed to "sh" using Groovy String interpolation, which is insecure.
		 Affected argument(s) used the following variable(s): [dockerPasswd, dockerUser]
		 See https://jenkins.io/redirect/groovy-string-interpolation for details.
+ /var/lib/jenkins/tools/org.jenkinsci.plugins.docker.commons.tools.DockerTool/docker/bin/docker login -u **** -p ****
Login Succeeded
[Pipeline] sh
Warning: A secret was passed to "sh" using Groovy String interpolation, which is insecure.
		 Affected argument(s) used the following variable(s): [dockerUser]
		 See https://jenkins.io/redirect/groovy-string-interpolation for details.
+ /var/lib/jenkins/tools/org.jenkinsci.plugins.docker.commons.tools.DockerTool/docker/bin/docker push ****/case-study:1.0
The push refers to a repository [docker.io/****/case-study]
8e8f00496e80: Preparing
f17556d1f5df: Preparing
2653d992f4ef: Preparing
2653d992f4ef: Layer already exists
f17556d1f5df: Layer already exists
8e8f00496e80: Pushed
1.0: digest: sha256:8809f91c93a74dfb1a81911c4b3151c0f33d708c7153e7c6e415f95348039f56 size: 953
[Pipeline] }
[Pipeline] // withCredentials
[Pipeline] }
[Pipeline] // stage
[Pipeline] stage
[Pipeline] { (Deploy Application)
[Pipeline] echo
Installing desired softwares..
[Pipeline] echo
Bring docker service up and running
[Pipeline] echo
Deploying application
[Pipeline] ansiblePlaybook
[case-study] $ /bin/ansible-playbook deploy-playbook.yml -i /etc/ansible/hosts --private-key /var/lib/jenkins/workspace/case-study/ssh8825381250222533638.key -u root

PLAY [all] *********************************************************************

TASK [Gathering Facts] *********************************************************
ok: [34.72.141.48]

TASK [Install Docker] **********************************************************
ok: [34.72.141.48]

TASK [start docker service if not running] *************************************
ok: [34.72.141.48]

TASK [Delete a container if it is running/stopped else it will skip if no such container] ***
changed: [34.72.141.48]

TASK [deploy application] ******************************************************
changed: [34.72.141.48]

PLAY RECAP *********************************************************************
34.72.141.48               : ok=5    changed=2    unreachable=0    failed=0    skipped=0    rescued=0    ignored=0   

[Pipeline] }
[Pipeline] // stage
[Pipeline] }
[Pipeline] // node
[Pipeline] echo
Sending email with build status
[Pipeline] emailext
Sending email to: deepanshu.rawat.1997@gmail.com
